<?xml version="1.0" encoding="UTF-8"?>
<!-- Generated by org.testng.reporters.JUnitXMLReporter -->
<testsuite ignored="1" hostname="LAPTOP-U94663UT" failures="0" tests="1" name="Default test" time="0.07" errors="0" timestamp="2021-06-16T20:36:02 CST">
  <testcase classname="com.TDDPOMSeleniumFramework.tests.BaseTest" name="@BeforeClass BeforeClass" time="-1.62384696239E9">
    <failure type="org.testng.TestNGException" message="
Parameter &amp;apos;browser_name&amp;apos; is required by BeforeClass on method BeforeClass but has not been marked @Optional or defined
in C:\Users\chris\AppData\Local\Temp\testng-eclipse-2084302901\testng-customsuite.xml">
      <![CDATA[org.testng.TestNGException: 
Parameter 'browser_name' is required by BeforeClass on method BeforeClass but has not been marked @Optional or defined
in C:\Users\chris\AppData\Local\Temp\testng-eclipse-2084302901\testng-customsuite.xml
at org.testng.internal.Parameters.createParams(Parameters.java:270)
at org.testng.internal.Parameters.createParametersForMethod(Parameters.java:358)
at org.testng.internal.Parameters.createParameters(Parameters.java:700)
at org.testng.internal.Parameters.createConfigurationParameters(Parameters.java:168)
at org.testng.internal.ConfigInvoker.invokeConfigurations(ConfigInvoker.java:302)
at org.testng.internal.TestMethodWorker.invokeBeforeClassMethods(TestMethodWorker.java:176)
at org.testng.internal.TestMethodWorker.run(TestMethodWorker.java:122)
at java.base/java.util.ArrayList.forEach(ArrayList.java:1511)
at org.testng.TestRunner.privateRun(TestRunner.java:794)
at org.testng.TestRunner.run(TestRunner.java:596)
at org.testng.SuiteRunner.runTest(SuiteRunner.java:377)
at org.testng.SuiteRunner.runSequentially(SuiteRunner.java:371)
at org.testng.SuiteRunner.privateRun(SuiteRunner.java:332)
at org.testng.SuiteRunner.run(SuiteRunner.java:276)
at org.testng.SuiteRunnerWorker.runSuite(SuiteRunnerWorker.java:53)
at org.testng.SuiteRunnerWorker.run(SuiteRunnerWorker.java:96)
at org.testng.TestNG.runSuitesSequentially(TestNG.java:1212)
at org.testng.TestNG.runSuitesLocally(TestNG.java:1134)
at org.testng.TestNG.runSuites(TestNG.java:1063)
at org.testng.TestNG.run(TestNG.java:1031)
at org.testng.remote.AbstractRemoteTestNG.run(AbstractRemoteTestNG.java:115)
at org.testng.remote.RemoteTestNG.initAndRun(RemoteTestNG.java:251)
at org.testng.remote.RemoteTestNG.main(RemoteTestNG.java:77)
]]>
    </failure>
  </testcase> <!-- @BeforeClass BeforeClass -->
  <testcase classname="com.TDDPOMSeleniumFramework.tests.BaseTest" name="@BeforeMethod BeforeMethod" time="-1.623846962413E9">
    <skipped/>
  </testcase> <!-- @BeforeMethod BeforeMethod -->
  <testcase classname="com.TDDPOMSeleniumFramework.tests.BaseTest" name="@AfterMethod AfterMethod" time="-1.623846962422E9">
    <skipped/>
  </testcase> <!-- @AfterMethod AfterMethod -->
  <testcase classname="com.TDDPOMSeleniumFramework.tests.BaseTest" name="@AfterClass AfterClass" time="-1.623846962425E9">
    <skipped/>
  </testcase> <!-- @AfterClass AfterClass -->
  <testcase classname="com.TDDPOMSeleniumFramework.tests.SmokeTests_NewTours_Module1" name="SmokeTests_NewTours_Module1_TC1" time="0.0">
    <skipped/>
  </testcase> <!-- SmokeTests_NewTours_Module1_TC1 -->
  <testcase classname="com.TDDPOMSeleniumFramework.tests.SmokeTests_NewTours_Module1" name="SmokeTests_NewTours_Module1_TC2" time="0.0">
    <ignored/>
  </testcase> <!-- SmokeTests_NewTours_Module1_TC2 -->
</testsuite> <!-- Default test -->
